{
  "RSpec": {
    "coverage": {
      "/Users/Sweece/Documents/Code/Rails/wetube/wetube-playlist/config/environment.rb": [
        null,
        1,
        null,
        null,
        1
      ],
      "/Users/Sweece/Documents/Code/Rails/wetube/wetube-playlist/config/application.rb": [
        1,
        null,
        1,
        null,
        1,
        null,
        1,
        null,
        null,
        null,
        null,
        1,
        1,
        null,
        null,
        null,
        null,
        null,
        null,
        null,
        null,
        null,
        null,
        null,
        null,
        null,
        null,
        null,
        null,
        null,
        null,
        null,
        null,
        null,
        null,
        null,
        1,
        null,
        null,
        1,
        null,
        null,
        1,
        null,
        null,
        null,
        null,
        null,
        null,
        null,
        null,
        null,
        null,
        1,
        null,
        null,
        1,
        null,
        null,
        1,
        null,
        null,
        1,
        1,
        1,
        1,
        null,
        null,
        null
      ],
      "/Users/Sweece/Documents/Code/Rails/wetube/wetube-playlist/config/boot.rb": [
        1,
        null,
        null,
        1,
        null,
        1
      ],
      "/Users/Sweece/Documents/Code/Rails/wetube/wetube-playlist/config/environments/test.rb": [
        1,
        null,
        null,
        null,
        null,
        null,
        null,
        1,
        null,
        null,
        1,
        1,
        null,
        null,
        1,
        null,
        null,
        1,
        1,
        null,
        null,
        1,
        null,
        null,
        1,
        null,
        null,
        null,
        null,
        1,
        null,
        null,
        1,
        null,
        null,
        1,
        null
      ],
      "/Users/Sweece/Documents/Code/Rails/wetube/wetube-playlist/config/initializers/backtrace_silencers.rb": [
        null,
        null,
        null,
        null,
        null,
        null,
        null
      ],
      "/Users/Sweece/Documents/Code/Rails/wetube/wetube-playlist/config/initializers/inflections.rb": [
        null,
        null,
        null,
        null,
        null,
        null,
        null,
        null,
        null,
        null,
        null,
        null,
        null,
        null,
        null
      ],
      "/Users/Sweece/Documents/Code/Rails/wetube/wetube-playlist/config/initializers/mime_types.rb": [
        null,
        null,
        null,
        null,
        null
      ],
      "/Users/Sweece/Documents/Code/Rails/wetube/wetube-playlist/config/initializers/secret_token.rb": [
        null,
        null,
        null,
        null,
        null,
        null,
        1
      ],
      "/Users/Sweece/Documents/Code/Rails/wetube/wetube-playlist/config/initializers/session_store.rb": [
        null,
        null,
        1,
        null,
        null,
        null,
        null,
        null
      ],
      "/Users/Sweece/Documents/Code/Rails/wetube/wetube-playlist/config/initializers/wrap_parameters.rb": [
        null,
        null,
        null,
        null,
        null,
        null,
        1,
        1,
        null,
        null,
        null,
        1,
        1,
        null
      ],
      "/Users/Sweece/Documents/Code/Rails/wetube/wetube-playlist/app/controllers/application_controller.rb": [
        1,
        1,
        null
      ],
      "/Users/Sweece/Documents/Code/Rails/wetube/wetube-playlist/app/controllers/playlists_controller.rb": [
        1,
        1,
        null
      ],
      "/Users/Sweece/Documents/Code/Rails/wetube/wetube-playlist/app/models/playlist.rb": [
        1,
        1,
        1,
        null
      ],
      "/Users/Sweece/Documents/Code/Rails/wetube/wetube-playlist/app/controllers/videos_controller.rb": [
        1,
        1,
        null,
        1,
        3,
        3,
        null,
        3,
        2,
        null,
        null,
        1,
        0,
        null,
        1,
        null,
        null,
        null
      ],
      "/Users/Sweece/Documents/Code/Rails/wetube/wetube-playlist/app/models/video.rb": [
        1,
        1,
        1,
        null,
        1,
        null,
        null,
        1,
        1,
        null,
        1,
        2,
        2,
        null,
        null
      ],
      "/Users/Sweece/Documents/Code/Rails/wetube/wetube-playlist/app/models/playlist_video.rb": [
        1,
        1,
        1,
        null
      ],
      "/Users/Sweece/Documents/Code/Rails/wetube/wetube-playlist/config/routes.rb": [
        1,
        1,
        null
      ],
      "/Users/Sweece/Documents/Code/Rails/wetube/wetube-playlist/spec/controllers/videos_controller_spec.rb": [
        1,
        null,
        1,
        1,
        1,
        null,
        3,
        null,
        null,
        4,
        null,
        1,
        1,
        0,
        null,
        null,
        1,
        1,
        1,
        null,
        0,
        0,
        null,
        null,
        null,
        1,
        1,
        1,
        null,
        null,
        null
      ],
      "/Users/Sweece/Documents/Code/Rails/wetube/wetube-playlist/spec/models/playlist_spec.rb": [
        1,
        null,
        1,
        null,
        null
      ],
      "/Users/Sweece/Documents/Code/Rails/wetube/wetube-playlist/spec/models/video_spec.rb": [
        1,
        null,
        1,
        1,
        2,
        null,
        null,
        1,
        4,
        null,
        null,
        1,
        4,
        null,
        null
      ]
    },
    "timestamp": 1371147012
  }
}
